<?xml version="1.0" encoding="UTF-8"?>
<testsuite xmlns:xsi="http://www.w3.org/2001/XMLSchema-instance" xsi:noNamespaceSchemaLocation="https://maven.apache.org/surefire/maven-surefire-plugin/xsd/surefire-test-report-3.0.xsd" version="3.0" name="test.LoginTest" time="0.342" tests="6" errors="0" skipped="5" failures="1">
  <properties>
[...]
</properties>
  <testcase name="setup" classname="test.LoginTest" time="0.203">
    <failure message="Cannot invoke &quot;String.equals(Object)&quot; because &quot;browsername&quot; is null" type="java.lang.NullPointerException"><![CDATA[java.lang.NullPointerException: Cannot invoke "String.equals(Object)" because "browsername" is null
	at test.LoginTest.setup(LoginTest.java:22)
]]></failure>
    <system-out><![CDATA[null
]]></system-out>
  </testcase>
  <testcase name="setup" classname="test.LoginTest" time="0">
    <skipped/>
  </testcase>
  <testcase name="verifytest" classname="test.LoginTest" time="0">
    <skipped message="Cannot invoke &quot;String.equals(Object)&quot; because &quot;browsername&quot; is null"/>
  </testcase>
  <testcase name="teardown" classname="test.LoginTest" time="0">
    <skipped/>
  </testcase>
  <testcase name="teardown" classname="test.LoginTest" time="0">
    <skipped/>
  </testcase>
  <testcase name="logintest" classname="test.LoginTest" time="0">
    <skipped message="Cannot invoke &quot;String.equals(Object)&quot; because &quot;browsername&quot; is null"/>
  </testcase>
</testsuite>