<?xml version="1.0" encoding="UTF-8"?>
<testng-results skipped="0" failed="0" ignored="0" total="2" passed="2">
  <reporter-output>
  </reporter-output>
  <suite name="Surefire suite" duration-ms="18624" started-at="2022-03-29T07:16:00Z" finished-at="2022-03-29T07:16:19Z">
    <groups>
    </groups>
    <test name="Surefire test" duration-ms="18624" started-at="2022-03-29T07:16:00Z" finished-at="2022-03-29T07:16:19Z">
      <class name="test.LoginTest">
        <test-method status="PASS" signature="setup()[pri:0, instance:test.LoginTest@26f67b76]" name="setup" is-config="true" duration-ms="9545" started-at="2022-03-29T07:16:00Z" finished-at="2022-03-29T07:16:10Z">
          <reporter-output>
          </reporter-output>
        </test-method> <!-- setup -->
        <test-method status="PASS" signature="verifytest()[pri:1, instance:test.LoginTest@26f67b76]" name="verifytest" duration-ms="22" started-at="2022-03-29T07:16:10Z" finished-at="2022-03-29T07:16:10Z">
          <reporter-output>
          </reporter-output>
        </test-method> <!-- verifytest -->
        <test-method status="PASS" signature="teardown()[pri:0, instance:test.LoginTest@26f67b76]" name="teardown" is-config="true" duration-ms="846" started-at="2022-03-29T07:16:10Z" finished-at="2022-03-29T07:16:11Z">
          <reporter-output>
          </reporter-output>
        </test-method> <!-- teardown -->
        <test-method status="PASS" signature="setup()[pri:0, instance:test.LoginTest@26f67b76]" name="setup" is-config="true" duration-ms="7098" started-at="2022-03-29T07:16:11Z" finished-at="2022-03-29T07:16:18Z">
          <reporter-output>
          </reporter-output>
        </test-method> <!-- setup -->
        <test-method status="PASS" signature="logintest()[pri:2, instance:test.LoginTest@26f67b76]" name="logintest" duration-ms="358" started-at="2022-03-29T07:16:18Z" finished-at="2022-03-29T07:16:18Z">
          <reporter-output>
          </reporter-output>
        </test-method> <!-- logintest -->
        <test-method status="PASS" signature="teardown()[pri:0, instance:test.LoginTest@26f67b76]" name="teardown" is-config="true" duration-ms="738" started-at="2022-03-29T07:16:18Z" finished-at="2022-03-29T07:16:19Z">
          <reporter-output>
          </reporter-output>
        </test-method> <!-- teardown -->
      </class> <!-- test.LoginTest -->
    </test> <!-- Surefire test -->
  </suite> <!-- Surefire suite -->
</testng-results>
