<?xml version="1.0" encoding="UTF-8"?>
<testng-results ignored="0" total="2" passed="2" failed="0" skipped="0">
  <reporter-output>
  </reporter-output>
  <suite started-at="2022-03-29T07:03:26Z" name="Default suite" finished-at="2022-03-29T07:03:40Z" duration-ms="13581">
    <groups>
    </groups>
    <test started-at="2022-03-29T07:03:26Z" name="Default test" finished-at="2022-03-29T07:03:40Z" duration-ms="13581">
      <class name="test.LoginTest">
        <test-method is-config="true" signature="setup()[pri:0, instance:test.LoginTest@2d6c53fc]" started-at="2022-03-29T07:03:26Z" name="setup" finished-at="2022-03-29T07:03:33Z" duration-ms="6332" status="PASS">
          <reporter-output>
          </reporter-output>
        </test-method> <!-- setup -->
        <test-method signature="verifytest()[pri:1, instance:test.LoginTest@2d6c53fc]" started-at="2022-03-29T07:03:33Z" name="verifytest" finished-at="2022-03-29T07:03:33Z" duration-ms="10" status="PASS">
          <reporter-output>
          </reporter-output>
        </test-method> <!-- verifytest -->
        <test-method is-config="true" signature="teardown()[pri:0, instance:test.LoginTest@2d6c53fc]" started-at="2022-03-29T07:03:33Z" name="teardown" finished-at="2022-03-29T07:03:33Z" duration-ms="275" status="PASS">
          <reporter-output>
          </reporter-output>
        </test-method> <!-- teardown -->
        <test-method is-config="true" signature="setup()[pri:0, instance:test.LoginTest@2d6c53fc]" started-at="2022-03-29T07:03:33Z" name="setup" finished-at="2022-03-29T07:03:40Z" duration-ms="6559" status="PASS">
          <reporter-output>
          </reporter-output>
        </test-method> <!-- setup -->
        <test-method signature="logintest()[pri:2, instance:test.LoginTest@2d6c53fc]" started-at="2022-03-29T07:03:40Z" name="logintest" finished-at="2022-03-29T07:03:40Z" duration-ms="193" status="PASS">
          <reporter-output>
          </reporter-output>
        </test-method> <!-- logintest -->
        <test-method is-config="true" signature="teardown()[pri:0, instance:test.LoginTest@2d6c53fc]" started-at="2022-03-29T07:03:40Z" name="teardown" finished-at="2022-03-29T07:03:40Z" duration-ms="193" status="PASS">
          <reporter-output>
          </reporter-output>
        </test-method> <!-- teardown -->
      </class> <!-- test.LoginTest -->
    </test> <!-- Default test -->
  </suite> <!-- Default suite -->
</testng-results>
